<?xml version="1.0" encoding="UTF-8"?>
<!-- Generated by org.testng.reporters.JUnitXMLReporter -->
<testsuite hostname="MacBook-Pro-Bogdan.local" name="Test1" tests="2" failures="0" timestamp="18 Mar 2015 21:38:34 GMT" time="1.9" errors="0">
  <testcase name="@BeforeClass init" time="0.0" classname="automation.AddMovie">
    <failure type="java.lang.NoClassDefFoundError" message="org/apache/http/conn/HttpClientConnectionManager">
      <![CDATA[java.lang.NoClassDefFoundError: org/apache/http/conn/HttpClientConnectionManager
	at org.openqa.selenium.remote.HttpCommandExecutor.<init>(HttpCommandExecutor.java:98)
	at org.openqa.selenium.remote.HttpCommandExecutor.<init>(HttpCommandExecutor.java:81)
	at org.openqa.selenium.firefox.internal.NewProfileExtensionConnection.start(NewProfileExtensionConnection.java:93)
	at org.openqa.selenium.firefox.FirefoxDriver.startClient(FirefoxDriver.java:246)
	at org.openqa.selenium.remote.RemoteWebDriver.<init>(RemoteWebDriver.java:114)
	at org.openqa.selenium.firefox.FirefoxDriver.<init>(FirefoxDriver.java:191)
	at org.openqa.selenium.firefox.FirefoxDriver.<init>(FirefoxDriver.java:186)
	at org.openqa.selenium.firefox.FirefoxDriver.<init>(FirefoxDriver.java:182)
	at org.openqa.selenium.firefox.FirefoxDriver.<init>(FirefoxDriver.java:99)
	at automation.webdriver.WebDriverFactory.getInstance(WebDriverFactory.java:167)
	at automation.webdriver.WebDriverFactory.getInstance(WebDriverFactory.java:78)
	at automation.base.TestBase.init(TestBase.java:43)
Caused by: java.lang.ClassNotFoundException: org.apache.http.conn.HttpClientConnectionManager
	at java.net.URLClassLoader$1.run(URLClassLoader.java:202)
	at java.security.AccessController.doPrivileged(Native Method)
	at java.net.URLClassLoader.findClass(URLClassLoader.java:190)
	at java.lang.ClassLoader.loadClass(ClassLoader.java:306)
	at sun.misc.Launcher$AppClassLoader.loadClass(Launcher.java:301)
	at java.lang.ClassLoader.loadClass(ClassLoader.java:247)
	... 39 more
... Removed 27 stack frames]]>
    </failure>
  </testcase> <!-- @BeforeClass init -->
  <testcase name="addInvalidMovie" time="0.0010" classname="automation.AddMovie">
    <skipped/>
  </testcase> <!-- addInvalidMovie -->
  <testcase name="addValidMovie" time="0.0010" classname="automation.AddMovie">
    <skipped/>
  </testcase> <!-- addValidMovie -->
</testsuite> <!-- Test1 -->
