<?xml version="1.0" encoding="UTF-8"?>
<!-- Generated by org.testng.reporters.JUnitXMLReporter -->
<testsuite hostname="MacBook-Pro-Bogdan.local" name="Test1" tests="2" failures="0" timestamp="16 Jan 2015 18:42:46 GMT" time="46.409" errors="0">
  <testcase name="@BeforeClass init" time="0.0" classname="automation.pages.HomePageTest">
    <failure type="org.openqa.selenium.WebDriverException" message="Failed to connect to binary FirefoxBinary(/Applications/Firefox.app/Contents/MacOS/firefox-bin) on port 7055; process output follows: 
 with changes to installed add-ons
1421433721306	addons.xpi-utils	DEBUG	Updating add-on states
1421433721306	addons.xpi-utils	DEBUG	Writing add-ons list
1421433721309	addons.manager	DEBUG	Registering shutdown blocker for XPIProvider
1421433721310	addons.manager	DEBUG	Registering shutdown blocker for LightweightThemeManager
1421433721311	addons.manager	DEBUG	Registering shutdown blocker for OpenH264Provider
1421433721311	addons.manager	DEBUG	Registering shutdown blocker for PluginProvider
1421433721484	DeferredSave.extensions.json	DEBUG	Starting timer
1421433721513	DeferredSave.extensions.json	DEBUG	Starting write
1421433721516	addons.manager	DEBUG	shutdown
1421433721517	addons.manager	DEBUG	Calling shutdown blocker for XPIProvider
1421433721517	addons.xpi	DEBUG	shutdown
1421433721517	addons.xpi-utils	DEBUG	shutdown
1421433721517	addons.manager	DEBUG	Calling shutdown blocker for LightweightThemeManager
1421433721518	addons.manager	DEBUG	Calling shutdown blocker for OpenH264Provider
1421433721518	addons.manager	DEBUG	Calling shutdown blocker for PluginProvider
1421433721568	DeferredSave.extensions.json	DEBUG	Write succeeded
1421433721568	addons.xpi-utils	DEBUG	XPI Database saved, setting schema version preference to 16
1421433721568	addons.xpi	DEBUG	Notifying XPI shutdown observers
1421433721570	addons.manager	DEBUG	Async provider shutdown done
1421433722050	addons.manager	DEBUG	Loaded provider scope for resource://gre/modules/addons/XPIProvider.jsm: [&amp;quot;XPIProvider&amp;quot;]
1421433722051	addons.manager	DEBUG	Loaded provider scope for resource://gre/modules/LightweightThemeManager.jsm: [&amp;quot;LightweightThemeManager&amp;quot;]
1421433722054	addons.xpi	DEBUG	startup
1421433722055	addons.xpi	INFO	Mapping fxdriver@googlecode.com to /var/folders/2_/pfsf9z517dzbv9vfh5jlv6sw0000gn/T/anonymous3148851800884529178webdriver-profile/extensions/fxdriver@googlecode.com
1421433722055	addons.xpi	DEBUG	Ignoring file entry whose name is not a valid add-on ID: /var/folders/2_/pfsf9z517dzbv9vfh5jlv6sw0000gn/T/anonymous3148851800884529178webdriver-profile/extensions/webdriver-staging
1421433722056	addons.xpi	INFO	Mapping {972ce4c6-7e08-4474-a285-3208198ce6fd} to /Applications/Firefox.app/Contents/Resources/browser/extensions/{972ce4c6-7e08-4474-a285-3208198ce6fd}
1421433722056	addons.xpi	DEBUG	Skipping unavailable install location app-system-share
1421433722057	addons.xpi	DEBUG	checkForChanges
1421433722057	addons.xpi	DEBUG	Loaded add-on state from prefs: {&amp;quot;app-profile&amp;quot;:{&amp;quot;fxdriver@googlecode.com&amp;quot;:{&amp;quot;d&amp;quot;:&amp;quot;/var/folders/2_/pfsf9z517dzbv9vfh5jlv6sw0000gn/T/anonymous3148851800884529178webdriver-profile/extensions/fxdriver@googlecode.com&amp;quot;,&amp;quot;e&amp;quot;:false,&amp;quot;v&amp;quot;:&amp;quot;2.40.0&amp;quot;,&amp;quot;st&amp;quot;:1421433721000,&amp;quot;mt&amp;quot;:1421433721000}},&amp;quot;app-global&amp;quot;:{&amp;quot;{972ce4c6-7e08-4474-a285-3208198ce6fd}&amp;quot;:{&amp;quot;d&amp;quot;:&amp;quot;/Applications/Firefox.app/Contents/Resources/browser/extensions/{972ce4c6-7e08-4474-a285-3208198ce6fd}&amp;quot;,&amp;quot;e&amp;quot;:true,&amp;quot;v&amp;quot;:&amp;quot;35.0&amp;quot;,&amp;quot;st&amp;quot;:1420787276000,&amp;quot;mt&amp;quot;:1420783892000}}}
1421433722058	addons.xpi	DEBUG	getModTime: Recursive scan of {972ce4c6-7e08-4474-a285-3208198ce6fd}
1421433722058	addons.xpi	DEBUG	getInstallState changed: false, state: {&amp;quot;app-profile&amp;quot;:{&amp;quot;fxdriver@googlecode.com&amp;quot;:{&amp;quot;d&amp;quot;:&amp;quot;/var/folders/2_/pfsf9z517dzbv9vfh5jlv6sw0000gn/T/anonymous3148851800884529178webdriver-profile/extensions/fxdriver@googlecode.com&amp;quot;,&amp;quot;e&amp;quot;:false,&amp;quot;v&amp;quot;:&amp;quot;2.40.0&amp;quot;,&amp;quot;st&amp;quot;:1421433721000,&amp;quot;mt&amp;quot;:1421433721000}},&amp;quot;app-global&amp;quot;:{&amp;quot;{972ce4c6-7e08-4474-a285-3208198ce6fd}&amp;quot;:{&amp;quot;d&amp;quot;:&amp;quot;/Applications/Firefox.app/Contents/Resources/browser/extensions/{972ce4c6-7e08-4474-a285-3208198ce6fd}&amp;quot;,&amp;quot;e&amp;quot;:true,&amp;quot;v&amp;quot;:&amp;quot;35.0&amp;quot;,&amp;quot;st&amp;quot;:1420787276000,&amp;quot;mt&amp;quot;:1420783892000}}}
1421433722059	addons.xpi	DEBUG	No changes found
1421433722063	addons.manager	DEBUG	Registering shutdown blocker for XPIProvider
1421433722064	addons.manager	DEBUG	Registering shutdown blocker for LightweightThemeManager
1421433722065	addons.manager	DEBUG	Registering shutdown blocker for OpenH264Provider
1421433722065	addons.manager	DEBUG	Registering shutdown blocker for PluginProvider
*** Blocklist::_preloadBlocklistFile: blocklist is disabled
1421433722864	addons.manager	DEBUG	Registering shutdown blocker for &amp;lt;unnamed-provider&amp;gt;

Build info: version: &amp;apos;2.40.0&amp;apos;, revision: &amp;apos;4c5c0568b004f67810ee41c459549aa4b09c651e&amp;apos;, time: &amp;apos;2014-02-19 11:13:01&amp;apos;
System info: host: &amp;apos;MacBook-Pro-Bogdan.local&amp;apos;, ip: &amp;apos;192.168.1.100&amp;apos;, os.name: &amp;apos;Mac OS X&amp;apos;, os.arch: &amp;apos;x86_64&amp;apos;, os.version: &amp;apos;10.10.1&amp;apos;, java.version: &amp;apos;1.6.0_65&amp;apos;
Driver info: driver.version: FirefoxDriver">
      <![CDATA[org.openqa.selenium.WebDriverException: Failed to connect to binary FirefoxBinary(/Applications/Firefox.app/Contents/MacOS/firefox-bin) on port 7055; process output follows: 
 with changes to installed add-ons
1421433721306	addons.xpi-utils	DEBUG	Updating add-on states
1421433721306	addons.xpi-utils	DEBUG	Writing add-ons list
1421433721309	addons.manager	DEBUG	Registering shutdown blocker for XPIProvider
1421433721310	addons.manager	DEBUG	Registering shutdown blocker for LightweightThemeManager
1421433721311	addons.manager	DEBUG	Registering shutdown blocker for OpenH264Provider
1421433721311	addons.manager	DEBUG	Registering shutdown blocker for PluginProvider
1421433721484	DeferredSave.extensions.json	DEBUG	Starting timer
1421433721513	DeferredSave.extensions.json	DEBUG	Starting write
1421433721516	addons.manager	DEBUG	shutdown
1421433721517	addons.manager	DEBUG	Calling shutdown blocker for XPIProvider
1421433721517	addons.xpi	DEBUG	shutdown
1421433721517	addons.xpi-utils	DEBUG	shutdown
1421433721517	addons.manager	DEBUG	Calling shutdown blocker for LightweightThemeManager
1421433721518	addons.manager	DEBUG	Calling shutdown blocker for OpenH264Provider
1421433721518	addons.manager	DEBUG	Calling shutdown blocker for PluginProvider
1421433721568	DeferredSave.extensions.json	DEBUG	Write succeeded
1421433721568	addons.xpi-utils	DEBUG	XPI Database saved, setting schema version preference to 16
1421433721568	addons.xpi	DEBUG	Notifying XPI shutdown observers
1421433721570	addons.manager	DEBUG	Async provider shutdown done
1421433722050	addons.manager	DEBUG	Loaded provider scope for resource://gre/modules/addons/XPIProvider.jsm: ["XPIProvider"]
1421433722051	addons.manager	DEBUG	Loaded provider scope for resource://gre/modules/LightweightThemeManager.jsm: ["LightweightThemeManager"]
1421433722054	addons.xpi	DEBUG	startup
1421433722055	addons.xpi	INFO	Mapping fxdriver@googlecode.com to /var/folders/2_/pfsf9z517dzbv9vfh5jlv6sw0000gn/T/anonymous3148851800884529178webdriver-profile/extensions/fxdriver@googlecode.com
1421433722055	addons.xpi	DEBUG	Ignoring file entry whose name is not a valid add-on ID: /var/folders/2_/pfsf9z517dzbv9vfh5jlv6sw0000gn/T/anonymous3148851800884529178webdriver-profile/extensions/webdriver-staging
1421433722056	addons.xpi	INFO	Mapping {972ce4c6-7e08-4474-a285-3208198ce6fd} to /Applications/Firefox.app/Contents/Resources/browser/extensions/{972ce4c6-7e08-4474-a285-3208198ce6fd}
1421433722056	addons.xpi	DEBUG	Skipping unavailable install location app-system-share
1421433722057	addons.xpi	DEBUG	checkForChanges
1421433722057	addons.xpi	DEBUG	Loaded add-on state from prefs: {"app-profile":{"fxdriver@googlecode.com":{"d":"/var/folders/2_/pfsf9z517dzbv9vfh5jlv6sw0000gn/T/anonymous3148851800884529178webdriver-profile/extensions/fxdriver@googlecode.com","e":false,"v":"2.40.0","st":1421433721000,"mt":1421433721000}},"app-global":{"{972ce4c6-7e08-4474-a285-3208198ce6fd}":{"d":"/Applications/Firefox.app/Contents/Resources/browser/extensions/{972ce4c6-7e08-4474-a285-3208198ce6fd}","e":true,"v":"35.0","st":1420787276000,"mt":1420783892000}}}
1421433722058	addons.xpi	DEBUG	getModTime: Recursive scan of {972ce4c6-7e08-4474-a285-3208198ce6fd}
1421433722058	addons.xpi	DEBUG	getInstallState changed: false, state: {"app-profile":{"fxdriver@googlecode.com":{"d":"/var/folders/2_/pfsf9z517dzbv9vfh5jlv6sw0000gn/T/anonymous3148851800884529178webdriver-profile/extensions/fxdriver@googlecode.com","e":false,"v":"2.40.0","st":1421433721000,"mt":1421433721000}},"app-global":{"{972ce4c6-7e08-4474-a285-3208198ce6fd}":{"d":"/Applications/Firefox.app/Contents/Resources/browser/extensions/{972ce4c6-7e08-4474-a285-3208198ce6fd}","e":true,"v":"35.0","st":1420787276000,"mt":1420783892000}}}
1421433722059	addons.xpi	DEBUG	No changes found
1421433722063	addons.manager	DEBUG	Registering shutdown blocker for XPIProvider
1421433722064	addons.manager	DEBUG	Registering shutdown blocker for LightweightThemeManager
1421433722065	addons.manager	DEBUG	Registering shutdown blocker for OpenH264Provider
1421433722065	addons.manager	DEBUG	Registering shutdown blocker for PluginProvider
*** Blocklist::_preloadBlocklistFile: blocklist is disabled
1421433722864	addons.manager	DEBUG	Registering shutdown blocker for <unnamed-provider>

Build info: version: '2.40.0', revision: '4c5c0568b004f67810ee41c459549aa4b09c651e', time: '2014-02-19 11:13:01'
System info: host: 'MacBook-Pro-Bogdan.local', ip: '192.168.1.100', os.name: 'Mac OS X', os.arch: 'x86_64', os.version: '10.10.1', java.version: '1.6.0_65'
Driver info: driver.version: FirefoxDriver
	at org.openqa.selenium.firefox.internal.NewProfileExtensionConnection.start(NewProfileExtensionConnection.java:130)
	at org.openqa.selenium.firefox.FirefoxDriver.startClient(FirefoxDriver.java:247)
	at org.openqa.selenium.remote.RemoteWebDriver.<init>(RemoteWebDriver.java:112)
	at org.openqa.selenium.firefox.FirefoxDriver.<init>(FirefoxDriver.java:192)
	at org.openqa.selenium.firefox.FirefoxDriver.<init>(FirefoxDriver.java:187)
	at org.openqa.selenium.firefox.FirefoxDriver.<init>(FirefoxDriver.java:183)
	at org.openqa.selenium.firefox.FirefoxDriver.<init>(FirefoxDriver.java:100)
	at automation.webdriver.WebDriverFactory.getInstance(WebDriverFactory.java:167)
	at automation.webdriver.WebDriverFactory.getInstance(WebDriverFactory.java:78)
	at automation.pages.TestBase.init(TestBase.java:53)
Caused by: org.openqa.selenium.firefox.NotConnectedException: Unable to connect to host 127.0.0.1 on port 7055 after 45000 ms. Firefox console output:
 with changes to installed add-ons
1421433721306	addons.xpi-utils	DEBUG	Updating add-on states
1421433721306	addons.xpi-utils	DEBUG	Writing add-ons list
1421433721309	addons.manager	DEBUG	Registering shutdown blocker for XPIProvider
1421433721310	addons.manager	DEBUG	Registering shutdown blocker for LightweightThemeManager
1421433721311	addons.manager	DEBUG	Registering shutdown blocker for OpenH264Provider
1421433721311	addons.manager	DEBUG	Registering shutdown blocker for PluginProvider
1421433721484	DeferredSave.extensions.json	DEBUG	Starting timer
1421433721513	DeferredSave.extensions.json	DEBUG	Starting write
1421433721516	addons.manager	DEBUG	shutdown
1421433721517	addons.manager	DEBUG	Calling shutdown blocker for XPIProvider
1421433721517	addons.xpi	DEBUG	shutdown
1421433721517	addons.xpi-utils	DEBUG	shutdown
1421433721517	addons.manager	DEBUG	Calling shutdown blocker for LightweightThemeManager
1421433721518	addons.manager	DEBUG	Calling shutdown blocker for OpenH264Provider
1421433721518	addons.manager	DEBUG	Calling shutdown blocker for PluginProvider
1421433721568	DeferredSave.extensions.json	DEBUG	Write succeeded
1421433721568	addons.xpi-utils	DEBUG	XPI Database saved, setting schema version preference to 16
1421433721568	addons.xpi	DEBUG	Notifying XPI shutdown observers
1421433721570	addons.manager	DEBUG	Async provider shutdown done
1421433722050	addons.manager	DEBUG	Loaded provider scope for resource://gre/modules/addons/XPIProvider.jsm: ["XPIProvider"]
1421433722051	addons.manager	DEBUG	Loaded provider scope for resource://gre/modules/LightweightThemeManager.jsm: ["LightweightThemeManager"]
1421433722054	addons.xpi	DEBUG	startup
1421433722055	addons.xpi	INFO	Mapping fxdriver@googlecode.com to /var/folders/2_/pfsf9z517dzbv9vfh5jlv6sw0000gn/T/anonymous3148851800884529178webdriver-profile/extensions/fxdriver@googlecode.com
1421433722055	addons.xpi	DEBUG	Ignoring file entry whose name is not a valid add-on ID: /var/folders/2_/pfsf9z517dzbv9vfh5jlv6sw0000gn/T/anonymous3148851800884529178webdriver-profile/extensions/webdriver-staging
1421433722056	addons.xpi	INFO	Mapping {972ce4c6-7e08-4474-a285-3208198ce6fd} to /Applications/Firefox.app/Contents/Resources/browser/extensions/{972ce4c6-7e08-4474-a285-3208198ce6fd}
1421433722056	addons.xpi	DEBUG	Skipping unavailable install location app-system-share
1421433722057	addons.xpi	DEBUG	checkForChanges
1421433722057	addons.xpi	DEBUG	Loaded add-on state from prefs: {"app-profile":{"fxdriver@googlecode.com":{"d":"/var/folders/2_/pfsf9z517dzbv9vfh5jlv6sw0000gn/T/anonymous3148851800884529178webdriver-profile/extensions/fxdriver@googlecode.com","e":false,"v":"2.40.0","st":1421433721000,"mt":1421433721000}},"app-global":{"{972ce4c6-7e08-4474-a285-3208198ce6fd}":{"d":"/Applications/Firefox.app/Contents/Resources/browser/extensions/{972ce4c6-7e08-4474-a285-3208198ce6fd}","e":true,"v":"35.0","st":1420787276000,"mt":1420783892000}}}
1421433722058	addons.xpi	DEBUG	getModTime: Recursive scan of {972ce4c6-7e08-4474-a285-3208198ce6fd}
1421433722058	addons.xpi	DEBUG	getInstallState changed: false, state: {"app-profile":{"fxdriver@googlecode.com":{"d":"/var/folders/2_/pfsf9z517dzbv9vfh5jlv6sw0000gn/T/anonymous3148851800884529178webdriver-profile/extensions/fxdriver@googlecode.com","e":false,"v":"2.40.0","st":1421433721000,"mt":1421433721000}},"app-global":{"{972ce4c6-7e08-4474-a285-3208198ce6fd}":{"d":"/Applications/Firefox.app/Contents/Resources/browser/extensions/{972ce4c6-7e08-4474-a285-3208198ce6fd}","e":true,"v":"35.0","st":1420787276000,"mt":1420783892000}}}
1421433722059	addons.xpi	DEBUG	No changes found
1421433722063	addons.manager	DEBUG	Registering shutdown blocker for XPIProvider
1421433722064	addons.manager	DEBUG	Registering shutdown blocker for LightweightThemeManager
1421433722065	addons.manager	DEBUG	Registering shutdown blocker for OpenH264Provider
1421433722065	addons.manager	DEBUG	Registering shutdown blocker for PluginProvider
*** Blocklist::_preloadBlocklistFile: blocklist is disabled
1421433722864	addons.manager	DEBUG	Registering shutdown blocker for <unnamed-provider>

	at org.openqa.selenium.firefox.internal.NewProfileExtensionConnection.start(NewProfileExtensionConnection.java:118)
	... 36 more
... Removed 27 stack frames]]>
    </failure>
  </testcase> <!-- @BeforeClass init -->
  <testcase name="@BeforeClass testInit" time="0.0" classname="automation.pages.HomePageTest">
    <skipped/>
  </testcase> <!-- @BeforeClass testInit -->
  <testcase name="test2" time="0.0010" classname="automation.pages.HomePageTest">
    <skipped/>
  </testcase> <!-- test2 -->
  <testcase name="testH1Existing" time="0.0" classname="automation.pages.HomePageTest">
    <skipped/>
  </testcase> <!-- testH1Existing -->
</testsuite> <!-- Test1 -->
