<?xml version="1.0" encoding="UTF-8"?>
<testng-results skipped="0" failed="0" total="1" passed="1">
  <reporter-output>
  </reporter-output>
  <suite name="Default suite" duration-ms="44515" started-at="2015-03-04T20:02:54Z" finished-at="2015-03-04T20:03:39Z">
    <groups>
    </groups>
    <test name="Default test" duration-ms="44515" started-at="2015-03-04T20:02:54Z" finished-at="2015-03-04T20:03:39Z">
      <class name="automation.MailFoldersView">
        <test-method status="PASS" signature="init()[pri:0, instance:automation.MailFoldersView@97494c8]" name="init" is-config="true" duration-ms="12753" started-at="2015-03-04T22:02:54Z" finished-at="2015-03-04T22:03:07Z">
          <reporter-output>
          </reporter-output>
        </test-method> <!-- init -->
        <test-method status="PASS" signature="viewFolders()[pri:0, instance:automation.MailFoldersView@97494c8]" name="viewFolders" duration-ms="31750" started-at="2015-03-04T22:03:07Z" finished-at="2015-03-04T22:03:39Z">
          <reporter-output>
          </reporter-output>
        </test-method> <!-- viewFolders -->
        <test-method status="PASS" signature="stop()[pri:0, instance:automation.MailFoldersView@97494c8]" name="stop" is-config="true" duration-ms="416" started-at="2015-03-04T22:03:39Z" finished-at="2015-03-04T22:03:39Z">
          <reporter-output>
          </reporter-output>
        </test-method> <!-- stop -->
      </class> <!-- automation.MailFoldersView -->
    </test> <!-- Default test -->
  </suite> <!-- Default suite -->
</testng-results>
