<?xml version="1.0" encoding="UTF-8"?>
<testng-results skipped="1" failed="0" total="1" passed="0">
  <reporter-output>
  </reporter-output>
  <suite name="Default suite" duration-ms="46453" started-at="2015-01-16T18:40:29Z" finished-at="2015-01-16T18:41:16Z">
    <groups>
    </groups>
    <test name="Default test" duration-ms="46453" started-at="2015-01-16T18:40:29Z" finished-at="2015-01-16T18:41:16Z">
      <class name="automation.LoginTest">
        <test-method status="FAIL" signature="init()[pri:0, instance:automation.LoginTest@9d7fbfb]" name="init" is-config="true" duration-ms="0" started-at="2015-01-16T20:40:30Z" finished-at="2015-01-16T20:40:30Z">
          <exception class="org.openqa.selenium.WebDriverException">
            <message>
              <![CDATA[Failed to connect to binary FirefoxBinary(/Applications/Firefox.app/Contents/MacOS/firefox-bin) on port 7055; process output follows: 
gtype=0xAA0001,name=PTexture::Msg___delete__) Route error: message sent to unknown actor ID


###!!! [Child][DispatchAsyncMessage] Error: (msgtype=0xAA0001,name=PTexture::Msg___delete__) Route error: message sent to unknown actor ID


###!!! [Child][DispatchAsyncMessage] Error: (msgtype=0xAA0001,name=PTexture::Msg___delete__) Route error: message sent to unknown actor ID


###!!! [Child][DispatchAsyncMessage] Error: (msgtype=0xAA0001,name=PTexture::Msg___delete__) Route error: message sent to unknown actor ID


###!!! [Child][DispatchAsyncMessage] Error: (msgtype=0xAA0001,name=PTexture::Msg___delete__) Route error: message sent to unknown actor ID


###!!! [Child][DispatchAsyncMessage] Error: (msgtype=0xAA0001,name=PTexture::Msg___delete__) Route error: message sent to unknown actor ID


###!!! [Child][DispatchAsyncMessage] Error: (msgtype=0xAA0001,name=PTexture::Msg___delete__) Route error: message sent to unknown actor ID


###!!! [Child][DispatchAsyncMessage] Error: (msgtype=0xAA0001,name=PTexture::Msg___delete__) Route error: message sent to unknown actor ID


###!!! [Child][DispatchAsyncMessage] Error: (msgtype=0xAA0001,name=PTexture::Msg___delete__) Route error: message sent to unknown actor ID


###!!! [Child][DispatchAsyncMessage] Error: (msgtype=0xAA0001,name=PTexture::Msg___delete__) Route error: message sent to unknown actor ID


###!!! [Child][DispatchAsyncMessage] Error: (msgtype=0xAA0001,name=PTexture::Msg___delete__) Route error: message sent to unknown actor ID


###!!! [Child][DispatchAsyncMessage] Error: (msgtype=0xAA0001,name=PTexture::Msg___delete__) Route error: message sent to unknown actor ID


###!!! [Child][DispatchAsyncMessage] Error: (msgtype=0xAA0001,name=PTexture::Msg___delete__) Route error: message sent to unknown actor ID


###!!! [Child][DispatchAsyncMessage] Error: (msgtype=0xAA0001,name=PTexture::Msg___delete__) Route error: message sent to unknown actor ID


###!!! [Child][DispatchAsyncMessage] Error: (msgtype=0xAA0001,name=PTexture::Msg___delete__) Route error: message sent to unknown actor ID


###!!! [Child][DispatchAsyncMessage] Error: (msgtype=0xAA0001,name=PTexture::Msg___delete__) Route error: message sent to unknown actor ID


###!!! [Child][DispatchAsyncMessage] Error: (msgtype=0xAA0001,name=PTexture::Msg___delete__) Route error: message sent to unknown actor ID


###!!! [Child][DispatchAsyncMessage] Error: (msgtype=0xAA0001,name=PTexture::Msg___delete__) Route error: message sent to unknown actor ID


###!!! [Child][DispatchAsyncMessage] Error: (msgtype=0xAA0001,name=PTexture::Msg___delete__) Route error: message sent to unknown actor ID


###!!! [Child][DispatchAsyncMessage] Error: (msgtype=0xAA0001,name=PTexture::Msg___delete__) Route error: message sent to unknown actor ID


###!!! [Child][DispatchAsyncMessage] Error: (msgtype=0xAA0001,name=PTexture::Msg___delete__) Route error: message sent to unknown actor ID


###!!! [Child][DispatchAsyncMessage] Error: (msgtype=0xAA0001,name=PTexture::Msg___delete__) Route error: message sent to unknown actor ID


###!!! [Child][DispatchAsyncMessage] Error: (msgtype=0xAA0001,name=PTexture::Msg___delete__) Route error: message sent to unknown actor ID


###!!! [Child][DispatchAsyncMessage] Error: (msgtype=0xAA0001,name=PTexture::Msg___delete__) Route error: message sent to unknown actor ID


###!!! [Child][DispatchAsyncMessage] Error: (msgtype=0xAA0001,name=PTexture::Msg___delete__) Route error: message sent to unknown actor ID

1421433666657	addons.manager	DEBUG	shutdown
1421433666657	addons.manager	DEBUG	Calling shutdown blocker for XPIProvider
1421433666657	addons.xpi	DEBUG	shutdown
1421433666658	addons.xpi	DEBUG	Notifying XPI shutdown observers
1421433666658	addons.manager	DEBUG	Calling shutdown blocker for LightweightThemeManager
1421433666658	addons.manager	DEBUG	Calling shutdown blocker for OpenH264Provider
1421433666659	addons.manager	DEBUG	Calling shutdown blocker for PluginProvider
1421433666659	addons.manager	DEBUG	Calling shutdown blocker for <unnamed-provider>
1421433666664	addons.manager	DEBUG	Async provider shutdown done

Build info: version: '2.40.0', revision: '4c5c0568b004f67810ee41c459549aa4b09c651e', time: '2014-02-19 11:13:01'
System info: host: 'MacBook-Pro-Bogdan.local', ip: '192.168.1.100', os.name: 'Mac OS X', os.arch: 'x86_64', os.version: '10.10.1', java.version: '1.6.0_65'
Driver info: driver.version: FirefoxDriver]]>
            </message>
            <full-stacktrace>
              <![CDATA[org.openqa.selenium.WebDriverException: Failed to connect to binary FirefoxBinary(/Applications/Firefox.app/Contents/MacOS/firefox-bin) on port 7055; process output follows: 
gtype=0xAA0001,name=PTexture::Msg___delete__) Route error: message sent to unknown actor ID


###!!! [Child][DispatchAsyncMessage] Error: (msgtype=0xAA0001,name=PTexture::Msg___delete__) Route error: message sent to unknown actor ID


###!!! [Child][DispatchAsyncMessage] Error: (msgtype=0xAA0001,name=PTexture::Msg___delete__) Route error: message sent to unknown actor ID


###!!! [Child][DispatchAsyncMessage] Error: (msgtype=0xAA0001,name=PTexture::Msg___delete__) Route error: message sent to unknown actor ID


###!!! [Child][DispatchAsyncMessage] Error: (msgtype=0xAA0001,name=PTexture::Msg___delete__) Route error: message sent to unknown actor ID


###!!! [Child][DispatchAsyncMessage] Error: (msgtype=0xAA0001,name=PTexture::Msg___delete__) Route error: message sent to unknown actor ID


###!!! [Child][DispatchAsyncMessage] Error: (msgtype=0xAA0001,name=PTexture::Msg___delete__) Route error: message sent to unknown actor ID


###!!! [Child][DispatchAsyncMessage] Error: (msgtype=0xAA0001,name=PTexture::Msg___delete__) Route error: message sent to unknown actor ID


###!!! [Child][DispatchAsyncMessage] Error: (msgtype=0xAA0001,name=PTexture::Msg___delete__) Route error: message sent to unknown actor ID


###!!! [Child][DispatchAsyncMessage] Error: (msgtype=0xAA0001,name=PTexture::Msg___delete__) Route error: message sent to unknown actor ID


###!!! [Child][DispatchAsyncMessage] Error: (msgtype=0xAA0001,name=PTexture::Msg___delete__) Route error: message sent to unknown actor ID


###!!! [Child][DispatchAsyncMessage] Error: (msgtype=0xAA0001,name=PTexture::Msg___delete__) Route error: message sent to unknown actor ID


###!!! [Child][DispatchAsyncMessage] Error: (msgtype=0xAA0001,name=PTexture::Msg___delete__) Route error: message sent to unknown actor ID


###!!! [Child][DispatchAsyncMessage] Error: (msgtype=0xAA0001,name=PTexture::Msg___delete__) Route error: message sent to unknown actor ID


###!!! [Child][DispatchAsyncMessage] Error: (msgtype=0xAA0001,name=PTexture::Msg___delete__) Route error: message sent to unknown actor ID


###!!! [Child][DispatchAsyncMessage] Error: (msgtype=0xAA0001,name=PTexture::Msg___delete__) Route error: message sent to unknown actor ID


###!!! [Child][DispatchAsyncMessage] Error: (msgtype=0xAA0001,name=PTexture::Msg___delete__) Route error: message sent to unknown actor ID


###!!! [Child][DispatchAsyncMessage] Error: (msgtype=0xAA0001,name=PTexture::Msg___delete__) Route error: message sent to unknown actor ID


###!!! [Child][DispatchAsyncMessage] Error: (msgtype=0xAA0001,name=PTexture::Msg___delete__) Route error: message sent to unknown actor ID


###!!! [Child][DispatchAsyncMessage] Error: (msgtype=0xAA0001,name=PTexture::Msg___delete__) Route error: message sent to unknown actor ID


###!!! [Child][DispatchAsyncMessage] Error: (msgtype=0xAA0001,name=PTexture::Msg___delete__) Route error: message sent to unknown actor ID


###!!! [Child][DispatchAsyncMessage] Error: (msgtype=0xAA0001,name=PTexture::Msg___delete__) Route error: message sent to unknown actor ID


###!!! [Child][DispatchAsyncMessage] Error: (msgtype=0xAA0001,name=PTexture::Msg___delete__) Route error: message sent to unknown actor ID


###!!! [Child][DispatchAsyncMessage] Error: (msgtype=0xAA0001,name=PTexture::Msg___delete__) Route error: message sent to unknown actor ID


###!!! [Child][DispatchAsyncMessage] Error: (msgtype=0xAA0001,name=PTexture::Msg___delete__) Route error: message sent to unknown actor ID

1421433666657	addons.manager	DEBUG	shutdown
1421433666657	addons.manager	DEBUG	Calling shutdown blocker for XPIProvider
1421433666657	addons.xpi	DEBUG	shutdown
1421433666658	addons.xpi	DEBUG	Notifying XPI shutdown observers
1421433666658	addons.manager	DEBUG	Calling shutdown blocker for LightweightThemeManager
1421433666658	addons.manager	DEBUG	Calling shutdown blocker for OpenH264Provider
1421433666659	addons.manager	DEBUG	Calling shutdown blocker for PluginProvider
1421433666659	addons.manager	DEBUG	Calling shutdown blocker for <unnamed-provider>
1421433666664	addons.manager	DEBUG	Async provider shutdown done

Build info: version: '2.40.0', revision: '4c5c0568b004f67810ee41c459549aa4b09c651e', time: '2014-02-19 11:13:01'
System info: host: 'MacBook-Pro-Bogdan.local', ip: '192.168.1.100', os.name: 'Mac OS X', os.arch: 'x86_64', os.version: '10.10.1', java.version: '1.6.0_65'
Driver info: driver.version: FirefoxDriver
	at org.openqa.selenium.firefox.internal.NewProfileExtensionConnection.start(NewProfileExtensionConnection.java:130)
	at org.openqa.selenium.firefox.FirefoxDriver.startClient(FirefoxDriver.java:247)
	at org.openqa.selenium.remote.RemoteWebDriver.<init>(RemoteWebDriver.java:112)
	at org.openqa.selenium.firefox.FirefoxDriver.<init>(FirefoxDriver.java:192)
	at org.openqa.selenium.firefox.FirefoxDriver.<init>(FirefoxDriver.java:187)
	at org.openqa.selenium.firefox.FirefoxDriver.<init>(FirefoxDriver.java:183)
	at org.openqa.selenium.firefox.FirefoxDriver.<init>(FirefoxDriver.java:100)
	at automation.webdriver.WebDriverFactory.getInstance(WebDriverFactory.java:167)
	at automation.webdriver.WebDriverFactory.getInstance(WebDriverFactory.java:78)
	at automation.pages.TestBase.init(TestBase.java:53)
	at sun.reflect.NativeMethodAccessorImpl.invoke0(Native Method)
	at sun.reflect.NativeMethodAccessorImpl.invoke(NativeMethodAccessorImpl.java:39)
	at sun.reflect.DelegatingMethodAccessorImpl.invoke(DelegatingMethodAccessorImpl.java:25)
	at java.lang.reflect.Method.invoke(Method.java:597)
	at org.testng.internal.MethodInvocationHelper.invokeMethod(MethodInvocationHelper.java:84)
	at org.testng.internal.Invoker.invokeConfigurationMethod(Invoker.java:564)
	at org.testng.internal.Invoker.invokeConfigurations(Invoker.java:213)
	at org.testng.internal.Invoker.invokeConfigurations(Invoker.java:138)
	at org.testng.internal.TestMethodWorker.invokeBeforeClassMethods(TestMethodWorker.java:175)
	at org.testng.internal.TestMethodWorker.run(TestMethodWorker.java:107)
	at org.testng.TestRunner.privateRun(TestRunner.java:767)
	at org.testng.TestRunner.run(TestRunner.java:617)
	at org.testng.SuiteRunner.runTest(SuiteRunner.java:334)
	at org.testng.SuiteRunner.runSequentially(SuiteRunner.java:329)
	at org.testng.SuiteRunner.privateRun(SuiteRunner.java:291)
	at org.testng.SuiteRunner.run(SuiteRunner.java:240)
	at org.testng.SuiteRunnerWorker.runSuite(SuiteRunnerWorker.java:52)
	at org.testng.SuiteRunnerWorker.run(SuiteRunnerWorker.java:86)
	at org.testng.TestNG.runSuitesSequentially(TestNG.java:1224)
	at org.testng.TestNG.runSuitesLocally(TestNG.java:1149)
	at org.testng.TestNG.run(TestNG.java:1057)
	at org.testng.remote.RemoteTestNG.run(RemoteTestNG.java:111)
	at org.testng.remote.RemoteTestNG.initAndRun(RemoteTestNG.java:204)
	at org.testng.remote.RemoteTestNG.main(RemoteTestNG.java:175)
Caused by: org.openqa.selenium.firefox.NotConnectedException: Unable to connect to host 127.0.0.1 on port 7055 after 45000 ms. Firefox console output:
gtype=0xAA0001,name=PTexture::Msg___delete__) Route error: message sent to unknown actor ID


###!!! [Child][DispatchAsyncMessage] Error: (msgtype=0xAA0001,name=PTexture::Msg___delete__) Route error: message sent to unknown actor ID


###!!! [Child][DispatchAsyncMessage] Error: (msgtype=0xAA0001,name=PTexture::Msg___delete__) Route error: message sent to unknown actor ID


###!!! [Child][DispatchAsyncMessage] Error: (msgtype=0xAA0001,name=PTexture::Msg___delete__) Route error: message sent to unknown actor ID


###!!! [Child][DispatchAsyncMessage] Error: (msgtype=0xAA0001,name=PTexture::Msg___delete__) Route error: message sent to unknown actor ID


###!!! [Child][DispatchAsyncMessage] Error: (msgtype=0xAA0001,name=PTexture::Msg___delete__) Route error: message sent to unknown actor ID


###!!! [Child][DispatchAsyncMessage] Error: (msgtype=0xAA0001,name=PTexture::Msg___delete__) Route error: message sent to unknown actor ID


###!!! [Child][DispatchAsyncMessage] Error: (msgtype=0xAA0001,name=PTexture::Msg___delete__) Route error: message sent to unknown actor ID


###!!! [Child][DispatchAsyncMessage] Error: (msgtype=0xAA0001,name=PTexture::Msg___delete__) Route error: message sent to unknown actor ID


###!!! [Child][DispatchAsyncMessage] Error: (msgtype=0xAA0001,name=PTexture::Msg___delete__) Route error: message sent to unknown actor ID


###!!! [Child][DispatchAsyncMessage] Error: (msgtype=0xAA0001,name=PTexture::Msg___delete__) Route error: message sent to unknown actor ID


###!!! [Child][DispatchAsyncMessage] Error: (msgtype=0xAA0001,name=PTexture::Msg___delete__) Route error: message sent to unknown actor ID


###!!! [Child][DispatchAsyncMessage] Error: (msgtype=0xAA0001,name=PTexture::Msg___delete__) Route error: message sent to unknown actor ID


###!!! [Child][DispatchAsyncMessage] Error: (msgtype=0xAA0001,name=PTexture::Msg___delete__) Route error: message sent to unknown actor ID


###!!! [Child][DispatchAsyncMessage] Error: (msgtype=0xAA0001,name=PTexture::Msg___delete__) Route error: message sent to unknown actor ID


###!!! [Child][DispatchAsyncMessage] Error: (msgtype=0xAA0001,name=PTexture::Msg___delete__) Route error: message sent to unknown actor ID


###!!! [Child][DispatchAsyncMessage] Error: (msgtype=0xAA0001,name=PTexture::Msg___delete__) Route error: message sent to unknown actor ID


###!!! [Child][DispatchAsyncMessage] Error: (msgtype=0xAA0001,name=PTexture::Msg___delete__) Route error: message sent to unknown actor ID


###!!! [Child][DispatchAsyncMessage] Error: (msgtype=0xAA0001,name=PTexture::Msg___delete__) Route error: message sent to unknown actor ID


###!!! [Child][DispatchAsyncMessage] Error: (msgtype=0xAA0001,name=PTexture::Msg___delete__) Route error: message sent to unknown actor ID


###!!! [Child][DispatchAsyncMessage] Error: (msgtype=0xAA0001,name=PTexture::Msg___delete__) Route error: message sent to unknown actor ID


###!!! [Child][DispatchAsyncMessage] Error: (msgtype=0xAA0001,name=PTexture::Msg___delete__) Route error: message sent to unknown actor ID


###!!! [Child][DispatchAsyncMessage] Error: (msgtype=0xAA0001,name=PTexture::Msg___delete__) Route error: message sent to unknown actor ID


###!!! [Child][DispatchAsyncMessage] Error: (msgtype=0xAA0001,name=PTexture::Msg___delete__) Route error: message sent to unknown actor ID


###!!! [Child][DispatchAsyncMessage] Error: (msgtype=0xAA0001,name=PTexture::Msg___delete__) Route error: message sent to unknown actor ID

1421433666657	addons.manager	DEBUG	shutdown
1421433666657	addons.manager	DEBUG	Calling shutdown blocker for XPIProvider
1421433666657	addons.xpi	DEBUG	shutdown
1421433666658	addons.xpi	DEBUG	Notifying XPI shutdown observers
1421433666658	addons.manager	DEBUG	Calling shutdown blocker for LightweightThemeManager
1421433666658	addons.manager	DEBUG	Calling shutdown blocker for OpenH264Provider
1421433666659	addons.manager	DEBUG	Calling shutdown blocker for PluginProvider
1421433666659	addons.manager	DEBUG	Calling shutdown blocker for <unnamed-provider>
1421433666664	addons.manager	DEBUG	Async provider shutdown done

	at org.openqa.selenium.firefox.internal.NewProfileExtensionConnection.start(NewProfileExtensionConnection.java:118)
	... 33 more
]]>
            </full-stacktrace>
          </exception> <!-- org.openqa.selenium.WebDriverException -->
          <reporter-output>
          </reporter-output>
        </test-method> <!-- init -->
        <test-method status="SKIP" signature="testUntitled()[pri:0, instance:automation.LoginTest@9d7fbfb]" name="testUntitled" duration-ms="0" started-at="2015-01-16T20:41:16Z" finished-at="2015-01-16T20:41:16Z">
          <reporter-output>
          </reporter-output>
        </test-method> <!-- testUntitled -->
        <test-method status="PASS" signature="tearDown()[pri:0, instance:automation.LoginTest@9d7fbfb]" name="tearDown" is-config="true" duration-ms="1" started-at="2015-01-16T20:41:16Z" finished-at="2015-01-16T20:41:16Z">
          <reporter-output>
          </reporter-output>
        </test-method> <!-- tearDown -->
      </class> <!-- automation.LoginTest -->
    </test> <!-- Default test -->
  </suite> <!-- Default suite -->
</testng-results>
